Обработка представления "Index"
Обработка представления "Posts"
Обработка представления "ContactView"
Обработка представления "AnimeView"
Обработка представления "UserProfileView"
Обработка представления "UserEditProfileView"
Обработка представления "UserProfileView"
Watching for file changes with StatReloader
Обработка представления "Index"
/home/marselle/Asorti/RestFramework/MySiteRestApi/MySiteRestApi/settings.py changed, reloading.
Watching for file changes with StatReloader
Обработка представления "Posts"
Обработка представления "AnimeView"
Watching for file changes with StatReloader
Watching for file changes with StatReloader
Обработка представления "Index"
Not Found: /favicon.ico
Not Found: /favicon.ico
/home/marselle/Asorti/RestFramework/MySiteRestApi/grapheneapi/schema.py changed, reloading.
Watching for file changes with StatReloader
/home/marselle/Asorti/RestFramework/MySiteRestApi/grapheneapi/schema.py changed, reloading.
Watching for file changes with StatReloader
/home/marselle/Asorti/RestFramework/MySiteRestApi/grapheneapi/schema.py changed, reloading.
Watching for file changes with StatReloader
/home/marselle/Asorti/RestFramework/MySiteRestApi/grapheneapi/schema.py changed, reloading.
Watching for file changes with StatReloader
/home/marselle/Asorti/RestFramework/MySiteRestApi/grapheneapi/schema.py changed, reloading.
Watching for file changes with StatReloader
/home/marselle/Asorti/RestFramework/MySiteRestApi/grapheneapi/schema.py changed, reloading.
Watching for file changes with StatReloader
/home/marselle/Asorti/RestFramework/MySiteRestApi/grapheneapi/schema.py changed, reloading.
Watching for file changes with StatReloader
/home/marselle/Asorti/RestFramework/MySiteRestApi/grapheneapi/schema.py changed, reloading.
Watching for file changes with StatReloader
/home/marselle/Asorti/RestFramework/MySiteRestApi/grapheneapi/schema.py changed, reloading.
Watching for file changes with StatReloader
/home/marselle/Asorti/RestFramework/MySiteRestApi/grapheneapi/schema.py changed, reloading.
Watching for file changes with StatReloader
/home/marselle/Asorti/RestFramework/MySiteRestApi/grapheneapi/schema.py changed, reloading.
Watching for file changes with StatReloader
/home/marselle/Asorti/RestFramework/MySiteRestApi/grapheneapi/schema.py changed, reloading.
Watching for file changes with StatReloader
Watching for file changes with StatReloader
/home/marselle/Asorti/RestFramework/MySiteRestApi/grapheneapi/schema.py changed, reloading.
Watching for file changes with StatReloader
/home/marselle/Asorti/RestFramework/MySiteRestApi/grapheneapi/urls.py changed, reloading.
Watching for file changes with StatReloader
/home/marselle/Asorti/RestFramework/MySiteRestApi/grapheneapi/urls.py changed, reloading.
Watching for file changes with StatReloader
Обработка представления "Index"
Not Found: /accounts/login/
Not Found: /signin/
Not Found: /signin/
Not Found: /signin/
Watching for file changes with StatReloader
Not Found: /signin/
Обработка представления "Index"
Обработка представления "SignInUserView"
Обработка представления "SignInUserView"
Обработка представления "Index"
Not Found: /accounts/login/
Not Found: /accounts/login/
Обработка представления "Index"
/home/marselle/Asorti/RestFramework/MySiteRestApi/grapheneapi/urls.py changed, reloading.
Watching for file changes with StatReloader
Обработка представления "Index"
Обработка представления "Index"
Обработка представления "Index"
Обработка представления "SignInUserView"
Обработка представления "SignInUserView"
Обработка представления "Index"
Обработка представления "SignInUserView"
Обработка представления "SignInUserView"
Обработка представления "Index"
Обработка представления "UserProfileView"
Обработка представления "UserEditProfileView"
Обработка представления "UserProfileView"
Обработка представления "UserEditProfileView"
Обработка представления "UserEditProfileView"
Обработка представления "UserProfileView"
Обработка представления "Index"
Watching for file changes with StatReloader
Обработка представления "Index"
Обработка представления "SignInUserView"
Обработка представления "SignInUserView"
Обработка представления "SignInUserView"
Обработка представления "Index"
Not Found: /favicon.ico
/home/marselle/Asorti/RestFramework/MySiteRestApi/restapi/views.py changed, reloading.
Watching for file changes with StatReloader
/home/marselle/Asorti/RestFramework/MySiteRestApi/restapi/views.py changed, reloading.
Watching for file changes with StatReloader
Not Found: /api/category/Anime/
/home/marselle/Asorti/RestFramework/MySiteRestApi/restapi/views.py changed, reloading.
Watching for file changes with StatReloader
/home/marselle/Asorti/RestFramework/MySiteRestApi/restapi/views.py changed, reloading.
Watching for file changes with StatReloader
/home/marselle/Asorti/RestFramework/MySiteRestApi/restapi/views.py changed, reloading.
Watching for file changes with StatReloader
Not Found: /api/category/Anime/
Not Found: /api/category/name=Anime1/
/home/marselle/Asorti/RestFramework/MySiteRestApi/restapi/views.py changed, reloading.
Watching for file changes with StatReloader
/home/marselle/Asorti/RestFramework/MySiteRestApi/restapi/views.py changed, reloading.
Watching for file changes with StatReloader
Not Found: /api/category/name=Anime1/
/home/marselle/Asorti/RestFramework/MySiteRestApi/restapi/views.py changed, reloading.
Watching for file changes with StatReloader
/home/marselle/Asorti/RestFramework/MySiteRestApi/restapi/views.py changed, reloading.
Watching for file changes with StatReloader
/home/marselle/Asorti/RestFramework/MySiteRestApi/restapi/views.py changed, reloading.
Watching for file changes with StatReloader
/home/marselle/Asorti/RestFramework/MySiteRestApi/restapi/views.py changed, reloading.
Watching for file changes with StatReloader
/home/marselle/Asorti/RestFramework/MySiteRestApi/restapi/views.py changed, reloading.
Watching for file changes with StatReloader
/home/marselle/Asorti/RestFramework/MySiteRestApi/restapi/views.py changed, reloading.
Watching for file changes with StatReloader
/home/marselle/Asorti/RestFramework/MySiteRestApi/restapi/views.py changed, reloading.
Watching for file changes with StatReloader
/home/marselle/Asorti/RestFramework/MySiteRestApi/restapi/views.py changed, reloading.
Watching for file changes with StatReloader
/home/marselle/Asorti/RestFramework/MySiteRestApi/restapi/views.py changed, reloading.
Watching for file changes with StatReloader
Internal Server Error: /api/category/
Traceback (most recent call last):
  File "/home/marselle/Asorti/RestFramework/MySiteRestApi/venv/lib/python3.10/site-packages/django/core/handlers/exception.py", line 55, in inner
    response = get_response(request)
  File "/home/marselle/Asorti/RestFramework/MySiteRestApi/venv/lib/python3.10/site-packages/django/core/handlers/base.py", line 197, in _get_response
    response = wrapped_callback(request, *callback_args, **callback_kwargs)
  File "/home/marselle/Asorti/RestFramework/MySiteRestApi/venv/lib/python3.10/site-packages/django/views/decorators/csrf.py", line 56, in wrapper_view
    return view_func(*args, **kwargs)
  File "/home/marselle/Asorti/RestFramework/MySiteRestApi/venv/lib/python3.10/site-packages/rest_framework/viewsets.py", line 125, in view
    return self.dispatch(request, *args, **kwargs)
  File "/home/marselle/Asorti/RestFramework/MySiteRestApi/venv/lib/python3.10/site-packages/rest_framework/views.py", line 509, in dispatch
    response = self.handle_exception(exc)
  File "/home/marselle/Asorti/RestFramework/MySiteRestApi/venv/lib/python3.10/site-packages/rest_framework/views.py", line 469, in handle_exception
    self.raise_uncaught_exception(exc)
  File "/home/marselle/Asorti/RestFramework/MySiteRestApi/venv/lib/python3.10/site-packages/rest_framework/views.py", line 480, in raise_uncaught_exception
    raise exc
  File "/home/marselle/Asorti/RestFramework/MySiteRestApi/venv/lib/python3.10/site-packages/rest_framework/views.py", line 506, in dispatch
    response = handler(request, *args, **kwargs)
  File "/home/marselle/Asorti/RestFramework/MySiteRestApi/venv/lib/python3.10/site-packages/rest_framework/mixins.py", line 38, in list
    queryset = self.filter_queryset(self.get_queryset())
  File "/home/marselle/Asorti/RestFramework/MySiteRestApi/venv/lib/python3.10/site-packages/rest_framework/generics.py", line 150, in filter_queryset
    queryset = backend().filter_queryset(self.request, queryset, self)
  File "/home/marselle/Asorti/RestFramework/MySiteRestApi/venv/lib/python3.10/site-packages/rest_framework/filters.py", line 124, in filter_queryset
    queryset = queryset.filter(reduce(operator.and_, conditions))
  File "/home/marselle/Asorti/RestFramework/MySiteRestApi/venv/lib/python3.10/site-packages/django/db/models/query.py", line 1436, in filter
    return self._filter_or_exclude(False, args, kwargs)
  File "/home/marselle/Asorti/RestFramework/MySiteRestApi/venv/lib/python3.10/site-packages/django/db/models/query.py", line 1454, in _filter_or_exclude
    clone._filter_or_exclude_inplace(negate, args, kwargs)
  File "/home/marselle/Asorti/RestFramework/MySiteRestApi/venv/lib/python3.10/site-packages/django/db/models/query.py", line 1461, in _filter_or_exclude_inplace
    self._query.add_q(Q(*args, **kwargs))
  File "/home/marselle/Asorti/RestFramework/MySiteRestApi/venv/lib/python3.10/site-packages/django/db/models/sql/query.py", line 1534, in add_q
    clause, _ = self._add_q(q_object, self.used_aliases)
  File "/home/marselle/Asorti/RestFramework/MySiteRestApi/venv/lib/python3.10/site-packages/django/db/models/sql/query.py", line 1565, in _add_q
    child_clause, needed_inner = self.build_filter(
  File "/home/marselle/Asorti/RestFramework/MySiteRestApi/venv/lib/python3.10/site-packages/django/db/models/sql/query.py", line 1393, in build_filter
    return self._add_q(
  File "/home/marselle/Asorti/RestFramework/MySiteRestApi/venv/lib/python3.10/site-packages/django/db/models/sql/query.py", line 1565, in _add_q
    child_clause, needed_inner = self.build_filter(
  File "/home/marselle/Asorti/RestFramework/MySiteRestApi/venv/lib/python3.10/site-packages/django/db/models/sql/query.py", line 1415, in build_filter
    lookups, parts, reffed_expression = self.solve_lookup_type(arg, summarize)
  File "/home/marselle/Asorti/RestFramework/MySiteRestApi/venv/lib/python3.10/site-packages/django/db/models/sql/query.py", line 1225, in solve_lookup_type
    _, field, _, lookup_parts = self.names_to_path(lookup_splitted, self.get_meta())
  File "/home/marselle/Asorti/RestFramework/MySiteRestApi/venv/lib/python3.10/site-packages/django/db/models/sql/query.py", line 1713, in names_to_path
    raise FieldError(
django.core.exceptions.FieldError: Cannot resolve keyword 'question_text' into field. Choices are: created_at, id, name, post
/home/marselle/Asorti/RestFramework/MySiteRestApi/restapi/views.py changed, reloading.
Watching for file changes with StatReloader
/home/marselle/Asorti/RestFramework/MySiteRestApi/restapi/views.py changed, reloading.
Watching for file changes with StatReloader
/home/marselle/Asorti/RestFramework/MySiteRestApi/restapi/views.py changed, reloading.
Watching for file changes with StatReloader
/home/marselle/Asorti/RestFramework/MySiteRestApi/restapi/views.py changed, reloading.
Watching for file changes with StatReloader
Internal Server Error: /api/category/
Traceback (most recent call last):
  File "/home/marselle/Asorti/RestFramework/MySiteRestApi/venv/lib/python3.10/site-packages/django/core/handlers/exception.py", line 55, in inner
    response = get_response(request)
  File "/home/marselle/Asorti/RestFramework/MySiteRestApi/venv/lib/python3.10/site-packages/django/core/handlers/base.py", line 197, in _get_response
    response = wrapped_callback(request, *callback_args, **callback_kwargs)
  File "/home/marselle/Asorti/RestFramework/MySiteRestApi/venv/lib/python3.10/site-packages/django/views/decorators/csrf.py", line 56, in wrapper_view
    return view_func(*args, **kwargs)
  File "/home/marselle/Asorti/RestFramework/MySiteRestApi/venv/lib/python3.10/site-packages/rest_framework/viewsets.py", line 125, in view
    return self.dispatch(request, *args, **kwargs)
  File "/home/marselle/Asorti/RestFramework/MySiteRestApi/venv/lib/python3.10/site-packages/rest_framework/views.py", line 509, in dispatch
    response = self.handle_exception(exc)
  File "/home/marselle/Asorti/RestFramework/MySiteRestApi/venv/lib/python3.10/site-packages/rest_framework/views.py", line 469, in handle_exception
    self.raise_uncaught_exception(exc)
  File "/home/marselle/Asorti/RestFramework/MySiteRestApi/venv/lib/python3.10/site-packages/rest_framework/views.py", line 480, in raise_uncaught_exception
    raise exc
  File "/home/marselle/Asorti/RestFramework/MySiteRestApi/venv/lib/python3.10/site-packages/rest_framework/views.py", line 506, in dispatch
    response = handler(request, *args, **kwargs)
  File "/home/marselle/Asorti/RestFramework/MySiteRestApi/venv/lib/python3.10/site-packages/rest_framework/mixins.py", line 38, in list
    queryset = self.filter_queryset(self.get_queryset())
  File "/home/marselle/Asorti/RestFramework/MySiteRestApi/venv/lib/python3.10/site-packages/rest_framework/generics.py", line 150, in filter_queryset
    queryset = backend().filter_queryset(self.request, queryset, self)
  File "/home/marselle/Asorti/RestFramework/MySiteRestApi/venv/lib/python3.10/site-packages/rest_framework/filters.py", line 28, in filter_queryset
    raise NotImplementedError(".filter_queryset() must be overridden.")
NotImplementedError: .filter_queryset() must be overridden.
/home/marselle/Asorti/RestFramework/MySiteRestApi/restapi/views.py changed, reloading.
Watching for file changes with StatReloader
/home/marselle/Asorti/RestFramework/MySiteRestApi/restapi/views.py changed, reloading.
Watching for file changes with StatReloader
/home/marselle/Asorti/RestFramework/MySiteRestApi/restapi/views.py changed, reloading.
Watching for file changes with StatReloader
/home/marselle/Asorti/RestFramework/MySiteRestApi/restapi/views.py changed, reloading.
Watching for file changes with StatReloader
/home/marselle/Asorti/RestFramework/MySiteRestApi/restapi/views.py changed, reloading.
Watching for file changes with StatReloader
/home/marselle/Asorti/RestFramework/MySiteRestApi/restapi/views.py changed, reloading.
Watching for file changes with StatReloader
/home/marselle/Asorti/RestFramework/MySiteRestApi/restapi/views.py changed, reloading.
Watching for file changes with StatReloader
/home/marselle/Asorti/RestFramework/MySiteRestApi/restapi/views.py changed, reloading.
Watching for file changes with StatReloader
/home/marselle/Asorti/RestFramework/MySiteRestApi/restapi/views.py changed, reloading.
Watching for file changes with StatReloader
/home/marselle/Asorti/RestFramework/MySiteRestApi/restapi/views.py changed, reloading.
Watching for file changes with StatReloader
/home/marselle/Asorti/RestFramework/MySiteRestApi/restapi/views.py changed, reloading.
Watching for file changes with StatReloader
/home/marselle/Asorti/RestFramework/MySiteRestApi/restapi/views.py changed, reloading.
Watching for file changes with StatReloader
/home/marselle/Asorti/RestFramework/MySiteRestApi/restapi/views.py changed, reloading.
Watching for file changes with StatReloader
/home/marselle/Asorti/RestFramework/MySiteRestApi/restapi/views.py changed, reloading.
Watching for file changes with StatReloader
/home/marselle/Asorti/RestFramework/MySiteRestApi/restapi/views.py changed, reloading.
Watching for file changes with StatReloader
/home/marselle/Asorti/RestFramework/MySiteRestApi/restapi/views.py changed, reloading.
Watching for file changes with StatReloader
/home/marselle/Asorti/RestFramework/MySiteRestApi/restapi/views.py changed, reloading.
Watching for file changes with StatReloader
/home/marselle/Asorti/RestFramework/MySiteRestApi/restapi/views.py changed, reloading.
Watching for file changes with StatReloader
/home/marselle/Asorti/RestFramework/MySiteRestApi/restapi/views.py changed, reloading.
Watching for file changes with StatReloader
/home/marselle/Asorti/RestFramework/MySiteRestApi/restapi/views.py changed, reloading.
Watching for file changes with StatReloader
Watching for file changes with StatReloader
Обработка представления "Index"
Not Found: /favicon.ico
/home/marselle/Asorti/RestFramework/MySiteRestApi/main/views.py changed, reloading.
Watching for file changes with StatReloader
/home/marselle/Asorti/RestFramework/MySiteRestApi/main/views.py changed, reloading.
Watching for file changes with StatReloader
/home/marselle/Asorti/RestFramework/MySiteRestApi/main/views.py changed, reloading.
Watching for file changes with StatReloader
Обработка представления "SignInUserView"
Обработка представления "SignInUserView"
Обработка представления "Index"
Обработка представления "generate_qr"
/home/marselle/Asorti/RestFramework/MySiteRestApi/main/views.py changed, reloading.
Watching for file changes with StatReloader
Обработка представления "generate_qr"
Watching for file changes with StatReloader
Обработка представления "UserProfileView"
Обработка представления "UserProfileView"
Обработка представления "generate_qr"
Обработка представления "Index"
/home/marselle/Asorti/RestFramework/MySiteRestApi/main/views.py changed, reloading.
Watching for file changes with StatReloader
Обработка представления "generate_qr"
/home/marselle/Asorti/RestFramework/MySiteRestApi/main/views.py changed, reloading.
Watching for file changes with StatReloader
Обработка представления "generate_qr"
Watching for file changes with StatReloader
Watching for file changes with StatReloader
Обработка представления "Index"
Not Found: /accounts
Not Found: /favicon.ico
/home/marselle/Asorti/RestFramework/MySiteRestApi/MySiteRestApi/settings.py changed, reloading.
Watching for file changes with StatReloader
Watching for file changes with StatReloader
/home/marselle/Asorti/RestFramework/MySiteRestApi/main/urls.py changed, reloading.
Watching for file changes with StatReloader
Обработка представления "Index"
Обработка представления "Index"
Обработка представления "Index"
Not Found: /weather/almaty
Not Found: /favicon.ico
/home/marselle/Asorti/RestFramework/MySiteRestApi/main/views.py changed, reloading.
Watching for file changes with StatReloader
/home/marselle/Asorti/RestFramework/MySiteRestApi/main/views.py changed, reloading.
Watching for file changes with StatReloader
Not Found: /weather/almaty
/home/marselle/Asorti/RestFramework/MySiteRestApi/main/urls.py changed, reloading.
Watching for file changes with StatReloader
Обработка представления "Index"
/home/marselle/Asorti/RestFramework/MySiteRestApi/main/views.py changed, reloading.
Watching for file changes with StatReloader
Обработка представления "Index"
Обработка представления "Index"
Обработка представления "Index"
Обработка представления "Index"
Обработка представления "Index"
Обработка представления "Index"
Обработка представления "Index"
Обработка представления "Index"
Обработка представления "Index"
Обработка представления "Index"
Обработка представления "Index"
Обработка представления "Index"
Обработка представления "Index"
Обработка представления "Index"
Обработка представления "Index"
Обработка представления "Index"
Обработка представления "generate_qr"
Обработка представления "Index"
Обработка представления "Index"
Обработка представления "Index"
Обработка представления "Index"
Обработка представления "Index"
Обработка представления "UserProfileView"
Обработка представления "UserProfileView"
Обработка представления "Index"
Обработка представления "Index"
Обработка представления "UserProfileView"
Обработка представления "Index"
Обработка представления "Index"
/home/marselle/Asorti/RestFramework/MySiteRestApi/main/views.py changed, reloading.
Watching for file changes with StatReloader
/home/marselle/Asorti/RestFramework/MySiteRestApi/main/views.py changed, reloading.
Watching for file changes with StatReloader
/home/marselle/Asorti/RestFramework/MySiteRestApi/main/views.py changed, reloading.
Watching for file changes with StatReloader
Обработка представления "Index"
Обработка представления "SignInUserView"
Обработка представления "SignInUserView"
/home/marselle/Asorti/RestFramework/MySiteRestApi/main/views.py changed, reloading.
Watching for file changes with StatReloader
Обработка представления "SignInUserView"
Обработка представления "Index"
/home/marselle/Asorti/RestFramework/MySiteRestApi/main/views.py changed, reloading.
Watching for file changes with StatReloader
/home/marselle/Asorti/RestFramework/MySiteRestApi/main/views.py changed, reloading.
Watching for file changes with StatReloader
/home/marselle/Asorti/RestFramework/MySiteRestApi/main/views.py changed, reloading.
Watching for file changes with StatReloader
Обработка представления "Index"
Обработка представления "Index"
Internal Server Error: /swagger/
Traceback (most recent call last):
  File "/home/marselle/Asorti/RestFramework/MySiteRestApi/venv/lib/python3.10/site-packages/django/core/handlers/exception.py", line 55, in inner
    response = get_response(request)
  File "/home/marselle/Asorti/RestFramework/MySiteRestApi/venv/lib/python3.10/site-packages/django/core/handlers/base.py", line 197, in _get_response
    response = wrapped_callback(request, *callback_args, **callback_kwargs)
  File "/home/marselle/Asorti/RestFramework/MySiteRestApi/venv/lib/python3.10/site-packages/django/views/decorators/csrf.py", line 56, in wrapper_view
    return view_func(*args, **kwargs)
  File "/home/marselle/Asorti/RestFramework/MySiteRestApi/venv/lib/python3.10/site-packages/django/views/generic/base.py", line 104, in view
    return self.dispatch(request, *args, **kwargs)
  File "/home/marselle/Asorti/RestFramework/MySiteRestApi/venv/lib/python3.10/site-packages/rest_framework/views.py", line 509, in dispatch
    response = self.handle_exception(exc)
  File "/home/marselle/Asorti/RestFramework/MySiteRestApi/venv/lib/python3.10/site-packages/rest_framework/views.py", line 469, in handle_exception
    self.raise_uncaught_exception(exc)
  File "/home/marselle/Asorti/RestFramework/MySiteRestApi/venv/lib/python3.10/site-packages/rest_framework/views.py", line 480, in raise_uncaught_exception
    raise exc
  File "/home/marselle/Asorti/RestFramework/MySiteRestApi/venv/lib/python3.10/site-packages/rest_framework/views.py", line 506, in dispatch
    response = handler(request, *args, **kwargs)
  File "/home/marselle/Asorti/RestFramework/MySiteRestApi/venv/lib/python3.10/site-packages/drf_yasg/views.py", line 94, in get
    schema = generator.get_schema(request, self.public)
  File "/home/marselle/Asorti/RestFramework/MySiteRestApi/venv/lib/python3.10/site-packages/drf_yasg/generators.py", line 276, in get_schema
    paths, prefix = self.get_paths(endpoints, components, request, public)
  File "/home/marselle/Asorti/RestFramework/MySiteRestApi/venv/lib/python3.10/site-packages/drf_yasg/generators.py", line 482, in get_paths
    operation = self.get_operation(view, path, prefix, method, components, request)
  File "/home/marselle/Asorti/RestFramework/MySiteRestApi/venv/lib/python3.10/site-packages/drf_yasg/generators.py", line 524, in get_operation
    operation = view_inspector.get_operation(operation_keys)
  File "/home/marselle/Asorti/RestFramework/MySiteRestApi/venv/lib/python3.10/site-packages/drf_yasg/inspectors/view.py", line 33, in get_operation
    query = self.get_query_parameters()
  File "/home/marselle/Asorti/RestFramework/MySiteRestApi/venv/lib/python3.10/site-packages/drf_yasg/inspectors/view.py", line 293, in get_query_parameters
    natural_parameters = self.get_filter_parameters() + self.get_pagination_parameters()
  File "/home/marselle/Asorti/RestFramework/MySiteRestApi/venv/lib/python3.10/site-packages/drf_yasg/inspectors/base.py", line 409, in get_filter_parameters
    fields += self.probe_inspectors(self.filter_inspectors, 'get_filter_parameters', filter_backend()) or []
  File "/home/marselle/Asorti/RestFramework/MySiteRestApi/venv/lib/python3.10/site-packages/drf_yasg/inspectors/base.py", line 110, in probe_inspectors
    result = method(obj, **kwargs)
  File "/home/marselle/Asorti/RestFramework/MySiteRestApi/venv/lib/python3.10/site-packages/drf_yasg/inspectors/query.py", line 29, in get_filter_parameters
    fields = filter_backend.get_schema_fields(self.view)
  File "/home/marselle/Asorti/RestFramework/MySiteRestApi/venv/lib/python3.10/site-packages/rest_framework/filters.py", line 148, in get_schema_fields
    assert coreapi is not None, 'coreapi must be installed to use `get_schema_fields()`'
AssertionError: coreapi must be installed to use `get_schema_fields()`
Watching for file changes with StatReloader
Обработка представления "Index"
Обработка представления "UserProfileView"
Обработка представления "Index"
Обработка представления "UserProfileView"
Обработка представления "UserEditProfileView"
Обработка представления "UserProfileView"
Обработка представления "Index"
Watching for file changes with StatReloader
Обработка представления "Index"
Обработка представления "Posts"
Обработка представления "ContactView"
Обработка представления "SignInUserView"
Not Found: /signup
Not Found: /favicon.ico
Обработка представления "Index"
Обработка представления "Index"
Обработка представления "SignInUserView"
Обработка представления "SignInUserView"
Обработка представления "SignInUserView"
Обработка представления "Index"
Internal Server Error: /swagger/
Traceback (most recent call last):
  File "/home/asel/Lessons/Download Project/MySiteRestApi/venv/lib/python3.10/site-packages/django/core/handlers/exception.py", line 55, in inner
    response = get_response(request)
  File "/home/asel/Lessons/Download Project/MySiteRestApi/venv/lib/python3.10/site-packages/django/core/handlers/base.py", line 197, in _get_response
    response = wrapped_callback(request, *callback_args, **callback_kwargs)
  File "/home/asel/Lessons/Download Project/MySiteRestApi/venv/lib/python3.10/site-packages/django/views/decorators/csrf.py", line 56, in wrapper_view
    return view_func(*args, **kwargs)
  File "/home/asel/Lessons/Download Project/MySiteRestApi/venv/lib/python3.10/site-packages/django/views/generic/base.py", line 104, in view
    return self.dispatch(request, *args, **kwargs)
  File "/home/asel/Lessons/Download Project/MySiteRestApi/venv/lib/python3.10/site-packages/rest_framework/views.py", line 509, in dispatch
    response = self.handle_exception(exc)
  File "/home/asel/Lessons/Download Project/MySiteRestApi/venv/lib/python3.10/site-packages/rest_framework/views.py", line 469, in handle_exception
    self.raise_uncaught_exception(exc)
  File "/home/asel/Lessons/Download Project/MySiteRestApi/venv/lib/python3.10/site-packages/rest_framework/views.py", line 480, in raise_uncaught_exception
    raise exc
  File "/home/asel/Lessons/Download Project/MySiteRestApi/venv/lib/python3.10/site-packages/rest_framework/views.py", line 506, in dispatch
    response = handler(request, *args, **kwargs)
  File "/home/asel/Lessons/Download Project/MySiteRestApi/venv/lib/python3.10/site-packages/drf_yasg/views.py", line 94, in get
    schema = generator.get_schema(request, self.public)
  File "/home/asel/Lessons/Download Project/MySiteRestApi/venv/lib/python3.10/site-packages/drf_yasg/generators.py", line 276, in get_schema
    paths, prefix = self.get_paths(endpoints, components, request, public)
  File "/home/asel/Lessons/Download Project/MySiteRestApi/venv/lib/python3.10/site-packages/drf_yasg/generators.py", line 482, in get_paths
    operation = self.get_operation(view, path, prefix, method, components, request)
  File "/home/asel/Lessons/Download Project/MySiteRestApi/venv/lib/python3.10/site-packages/drf_yasg/generators.py", line 524, in get_operation
    operation = view_inspector.get_operation(operation_keys)
  File "/home/asel/Lessons/Download Project/MySiteRestApi/venv/lib/python3.10/site-packages/drf_yasg/inspectors/view.py", line 33, in get_operation
    query = self.get_query_parameters()
  File "/home/asel/Lessons/Download Project/MySiteRestApi/venv/lib/python3.10/site-packages/drf_yasg/inspectors/view.py", line 293, in get_query_parameters
    natural_parameters = self.get_filter_parameters() + self.get_pagination_parameters()
  File "/home/asel/Lessons/Download Project/MySiteRestApi/venv/lib/python3.10/site-packages/drf_yasg/inspectors/base.py", line 409, in get_filter_parameters
    fields += self.probe_inspectors(self.filter_inspectors, 'get_filter_parameters', filter_backend()) or []
  File "/home/asel/Lessons/Download Project/MySiteRestApi/venv/lib/python3.10/site-packages/drf_yasg/inspectors/base.py", line 110, in probe_inspectors
    result = method(obj, **kwargs)
  File "/home/asel/Lessons/Download Project/MySiteRestApi/venv/lib/python3.10/site-packages/drf_yasg/inspectors/query.py", line 29, in get_filter_parameters
    fields = filter_backend.get_schema_fields(self.view)
  File "/home/asel/Lessons/Download Project/MySiteRestApi/venv/lib/python3.10/site-packages/rest_framework/filters.py", line 148, in get_schema_fields
    assert coreapi is not None, 'coreapi must be installed to use `get_schema_fields()`'
AssertionError: coreapi must be installed to use `get_schema_fields()`
Обработка представления "UserProfileView"
Обработка представления "AnimeView"
/home/asel/Lessons/Download Project/MySiteRestApi/main/models.py changed, reloading.
Watching for file changes with StatReloader
/home/asel/Lessons/Download Project/MySiteRestApi/main/models.py changed, reloading.
Watching for file changes with StatReloader
/home/asel/Lessons/Download Project/MySiteRestApi/main/models.py changed, reloading.
Watching for file changes with StatReloader
/home/asel/Lessons/Download Project/MySiteRestApi/main/models.py changed, reloading.
Watching for file changes with StatReloader
/home/asel/Lessons/Download Project/MySiteRestApi/main/models.py changed, reloading.
Watching for file changes with StatReloader
/home/asel/Lessons/Download Project/MySiteRestApi/main/models.py changed, reloading.
Watching for file changes with StatReloader
/home/asel/Lessons/Download Project/MySiteRestApi/main/models.py changed, reloading.
Watching for file changes with StatReloader
/home/asel/Lessons/Download Project/MySiteRestApi/main/models.py changed, reloading.
Watching for file changes with StatReloader
/home/asel/Lessons/Download Project/MySiteRestApi/main/models.py changed, reloading.
Watching for file changes with StatReloader
/home/asel/Lessons/Download Project/MySiteRestApi/main/models.py changed, reloading.
Watching for file changes with StatReloader
/home/asel/Lessons/Download Project/MySiteRestApi/main/models.py changed, reloading.
Watching for file changes with StatReloader
/home/asel/Lessons/Download Project/MySiteRestApi/main/models.py changed, reloading.
Watching for file changes with StatReloader
/home/asel/Lessons/Download Project/MySiteRestApi/main/models.py changed, reloading.
Watching for file changes with StatReloader
/home/asel/Lessons/Download Project/MySiteRestApi/main/models.py changed, reloading.
Watching for file changes with StatReloader
/home/asel/Lessons/Download Project/MySiteRestApi/main/models.py changed, reloading.
Watching for file changes with StatReloader
/home/asel/Lessons/Download Project/MySiteRestApi/main/models.py changed, reloading.
Watching for file changes with StatReloader
/home/asel/Lessons/Download Project/MySiteRestApi/main/models.py changed, reloading.
Watching for file changes with StatReloader
/home/asel/Lessons/Download Project/MySiteRestApi/main/models.py changed, reloading.
Watching for file changes with StatReloader
/home/asel/Lessons/Download Project/MySiteRestApi/main/models.py changed, reloading.
Watching for file changes with StatReloader
/home/asel/Lessons/Download Project/MySiteRestApi/main/models.py changed, reloading.
Watching for file changes with StatReloader
/home/asel/Lessons/Download Project/MySiteRestApi/main/models.py changed, reloading.
Watching for file changes with StatReloader
/home/asel/Lessons/Download Project/MySiteRestApi/main/models.py changed, reloading.
Watching for file changes with StatReloader
/home/asel/Lessons/Download Project/MySiteRestApi/main/models.py changed, reloading.
Watching for file changes with StatReloader
/home/asel/Lessons/Download Project/MySiteRestApi/main/models.py changed, reloading.
Watching for file changes with StatReloader
/home/asel/Lessons/Download Project/MySiteRestApi/main/models.py changed, reloading.
Watching for file changes with StatReloader
Watching for file changes with StatReloader
Обработка представления "Index"
Обработка представления "SignInUserView"
Обработка представления "SignInUserView"
Обработка представления "Index"
Not Found: /profile/transaction
Not Found: /favicon.ico
Обработка представления "UserProfileView"
Обработка представления "UserEditProfileView"
Обработка представления "Index"
Обработка представления "UserProfileView"
Обработка представления "UserEditProfileView"
Обработка представления "UserEditProfileView"
Обработка представления "UserProfileView"
Not Found: /profile/transaction
Обработка представления "UserProfileView"
Обработка представления "Index"
Not Found: /profile/transaction
Not Found: /profile/transaction
Обработка представления "UserProfileView"
Not Found: /profile/transaction
Обработка представления "Index"
Not Found: /profile/transaction
/home/asel/Lessons/Download Project/MySiteRestApi/main/urls.py changed, reloading.
Watching for file changes with StatReloader
/home/asel/Lessons/Download Project/MySiteRestApi/main/urls.py changed, reloading.
Watching for file changes with StatReloader
Watching for file changes with StatReloader
Обработка представления "Index"
Обработка представления "Posts"
Обработка представления "ContactView"
Обработка представления "AnimeView"
Обработка представления "AnimeView"
Обработка представления "Index"
Обработка представления "Posts"
Обработка представления "ContactView"
Обработка представления "Posts"
Обработка представления "AnimeView"
Watching for file changes with StatReloader
Watching for file changes with StatReloader
Обработка представления "Index"
Обработка представления "SignInUserView"
Обработка представления "SignInUserView"
Обработка представления "Index"
Произошла ошибка при обработке представления "generate_qr": The 'image' attribute has no file associated with it.
Обработка представления "Index"
Обработка представления "UserProfileView"
Обработка представления "UserEditProfileView"
Обработка представления "UserEditProfileView"
Обработка представления "UserProfileView"
Internal Server Error: /admin/main/profile/1/change/
Traceback (most recent call last):
  File "/home/damir/Lessons/RestFramework/MySiteRestAPI/venv/lib/python3.10/site-packages/django/core/handlers/exception.py", line 55, in inner
    response = get_response(request)
  File "/home/damir/Lessons/RestFramework/MySiteRestAPI/venv/lib/python3.10/site-packages/django/core/handlers/base.py", line 197, in _get_response
    response = wrapped_callback(request, *callback_args, **callback_kwargs)
  File "/home/damir/Lessons/RestFramework/MySiteRestAPI/venv/lib/python3.10/site-packages/django/contrib/admin/options.py", line 688, in wrapper
    return self.admin_site.admin_view(view)(*args, **kwargs)
  File "/home/damir/Lessons/RestFramework/MySiteRestAPI/venv/lib/python3.10/site-packages/django/utils/decorators.py", line 134, in _wrapper_view
    response = view_func(request, *args, **kwargs)
  File "/home/damir/Lessons/RestFramework/MySiteRestAPI/venv/lib/python3.10/site-packages/django/views/decorators/cache.py", line 62, in _wrapper_view_func
    response = view_func(request, *args, **kwargs)
  File "/home/damir/Lessons/RestFramework/MySiteRestAPI/venv/lib/python3.10/site-packages/django/contrib/admin/sites.py", line 242, in inner
    return view(request, *args, **kwargs)
  File "/home/damir/Lessons/RestFramework/MySiteRestAPI/venv/lib/python3.10/site-packages/django/contrib/admin/options.py", line 1889, in change_view
    return self.changeform_view(request, object_id, form_url, extra_context)
  File "/home/damir/Lessons/RestFramework/MySiteRestAPI/venv/lib/python3.10/site-packages/django/utils/decorators.py", line 46, in _wrapper
    return bound_method(*args, **kwargs)
  File "/home/damir/Lessons/RestFramework/MySiteRestAPI/venv/lib/python3.10/site-packages/django/utils/decorators.py", line 134, in _wrapper_view
    response = view_func(request, *args, **kwargs)
  File "/home/damir/Lessons/RestFramework/MySiteRestAPI/venv/lib/python3.10/site-packages/django/contrib/admin/options.py", line 1747, in changeform_view
    return self._changeform_view(request, object_id, form_url, extra_context)
  File "/home/damir/Lessons/RestFramework/MySiteRestAPI/venv/lib/python3.10/site-packages/django/contrib/admin/options.py", line 1855, in _changeform_view
    "subtitle": str(obj) if obj else None,
  File "/home/damir/Lessons/RestFramework/MySiteRestAPI/main/models.py", line 133, in __str__
    return f"{self.user.first_name.title()} {self.user.last_name.title()[0]}."
IndexError: string index out of range
Not Found: /favicon.ico
Обработка представления "Index"
Обработка представления "UserProfileView"
Internal Server Error: /profile/transaction
Traceback (most recent call last):
  File "/home/damir/Lessons/RestFramework/MySiteRestAPI/venv/lib/python3.10/site-packages/django/core/handlers/exception.py", line 55, in inner
    response = get_response(request)
  File "/home/damir/Lessons/RestFramework/MySiteRestAPI/venv/lib/python3.10/site-packages/django/core/handlers/base.py", line 197, in _get_response
    response = wrapped_callback(request, *callback_args, **callback_kwargs)
  File "/home/damir/Lessons/RestFramework/MySiteRestAPI/main/views.py", line 296, in TransactionView
    if request.user.is_authenticate:
  File "/home/damir/Lessons/RestFramework/MySiteRestAPI/venv/lib/python3.10/site-packages/django/utils/functional.py", line 268, in inner
    return func(_wrapped, *args)
AttributeError: 'User' object has no attribute 'is_authenticate'
/home/damir/Lessons/RestFramework/MySiteRestAPI/main/views.py changed, reloading.
Watching for file changes with StatReloader
/home/damir/Lessons/RestFramework/MySiteRestAPI/main/forms.py changed, reloading.
Watching for file changes with StatReloader
/home/damir/Lessons/RestFramework/MySiteRestAPI/main/forms.py changed, reloading.
Watching for file changes with StatReloader
Watching for file changes with StatReloader
Обработка представления "Index"
Обработка представления "Index"
Internal Server Error: /profile/transaction
Traceback (most recent call last):
  File "/home/damir/Lessons/RestFramework/MySiteRestAPI/venv/lib/python3.10/site-packages/django/core/handlers/exception.py", line 55, in inner
    response = get_response(request)
  File "/home/damir/Lessons/RestFramework/MySiteRestAPI/venv/lib/python3.10/site-packages/django/core/handlers/base.py", line 197, in _get_response
    response = wrapped_callback(request, *callback_args, **callback_kwargs)
  File "/home/damir/Lessons/RestFramework/MySiteRestAPI/main/views.py", line 302, in TransactionView
    transaction.save()
  File "/home/damir/Lessons/RestFramework/MySiteRestAPI/main/models.py", line 165, in save
    recipient_profile = Profile.get_by_phone(self.recipient_phone)
TypeError: Profile.get_by_phone() missing 1 required positional argument: 'phone'
Watching for file changes with StatReloader
Watching for file changes with StatReloader
Internal Server Error: /admin/main/profile/3/change/
Traceback (most recent call last):
  File "/home/damir/Lessons/RestFramework/MySiteRestAPI/venv/lib/python3.10/site-packages/django/core/handlers/exception.py", line 55, in inner
    response = get_response(request)
  File "/home/damir/Lessons/RestFramework/MySiteRestAPI/venv/lib/python3.10/site-packages/django/core/handlers/base.py", line 197, in _get_response
    response = wrapped_callback(request, *callback_args, **callback_kwargs)
  File "/home/damir/Lessons/RestFramework/MySiteRestAPI/venv/lib/python3.10/site-packages/django/contrib/admin/options.py", line 688, in wrapper
    return self.admin_site.admin_view(view)(*args, **kwargs)
  File "/home/damir/Lessons/RestFramework/MySiteRestAPI/venv/lib/python3.10/site-packages/django/utils/decorators.py", line 134, in _wrapper_view
    response = view_func(request, *args, **kwargs)
  File "/home/damir/Lessons/RestFramework/MySiteRestAPI/venv/lib/python3.10/site-packages/django/views/decorators/cache.py", line 62, in _wrapper_view_func
    response = view_func(request, *args, **kwargs)
  File "/home/damir/Lessons/RestFramework/MySiteRestAPI/venv/lib/python3.10/site-packages/django/contrib/admin/sites.py", line 242, in inner
    return view(request, *args, **kwargs)
  File "/home/damir/Lessons/RestFramework/MySiteRestAPI/venv/lib/python3.10/site-packages/django/contrib/admin/options.py", line 1889, in change_view
    return self.changeform_view(request, object_id, form_url, extra_context)
  File "/home/damir/Lessons/RestFramework/MySiteRestAPI/venv/lib/python3.10/site-packages/django/utils/decorators.py", line 46, in _wrapper
    return bound_method(*args, **kwargs)
  File "/home/damir/Lessons/RestFramework/MySiteRestAPI/venv/lib/python3.10/site-packages/django/utils/decorators.py", line 134, in _wrapper_view
    response = view_func(request, *args, **kwargs)
  File "/home/damir/Lessons/RestFramework/MySiteRestAPI/venv/lib/python3.10/site-packages/django/contrib/admin/options.py", line 1747, in changeform_view
    return self._changeform_view(request, object_id, form_url, extra_context)
  File "/home/damir/Lessons/RestFramework/MySiteRestAPI/venv/lib/python3.10/site-packages/django/contrib/admin/options.py", line 1855, in _changeform_view
    "subtitle": str(obj) if obj else None,
  File "/home/damir/Lessons/RestFramework/MySiteRestAPI/main/models.py", line 133, in __str__
    return f"{self.user.first_name.title()} {self.user.last_name.title()[0]}."
IndexError: string index out of range
Обработка представления "Index"
Internal Server Error: /swagger/
Traceback (most recent call last):
  File "/home/damir/Lessons/RestFramework/MySiteRestAPI/venv/lib/python3.10/site-packages/django/core/handlers/exception.py", line 55, in inner
    response = get_response(request)
  File "/home/damir/Lessons/RestFramework/MySiteRestAPI/venv/lib/python3.10/site-packages/django/core/handlers/base.py", line 197, in _get_response
    response = wrapped_callback(request, *callback_args, **callback_kwargs)
  File "/home/damir/Lessons/RestFramework/MySiteRestAPI/venv/lib/python3.10/site-packages/django/views/decorators/csrf.py", line 56, in wrapper_view
    return view_func(*args, **kwargs)
  File "/home/damir/Lessons/RestFramework/MySiteRestAPI/venv/lib/python3.10/site-packages/django/views/generic/base.py", line 104, in view
    return self.dispatch(request, *args, **kwargs)
  File "/home/damir/Lessons/RestFramework/MySiteRestAPI/venv/lib/python3.10/site-packages/rest_framework/views.py", line 509, in dispatch
    response = self.handle_exception(exc)
  File "/home/damir/Lessons/RestFramework/MySiteRestAPI/venv/lib/python3.10/site-packages/rest_framework/views.py", line 469, in handle_exception
    self.raise_uncaught_exception(exc)
  File "/home/damir/Lessons/RestFramework/MySiteRestAPI/venv/lib/python3.10/site-packages/rest_framework/views.py", line 480, in raise_uncaught_exception
    raise exc
  File "/home/damir/Lessons/RestFramework/MySiteRestAPI/venv/lib/python3.10/site-packages/rest_framework/views.py", line 506, in dispatch
    response = handler(request, *args, **kwargs)
  File "/home/damir/Lessons/RestFramework/MySiteRestAPI/venv/lib/python3.10/site-packages/drf_yasg/views.py", line 94, in get
    schema = generator.get_schema(request, self.public)
  File "/home/damir/Lessons/RestFramework/MySiteRestAPI/venv/lib/python3.10/site-packages/drf_yasg/generators.py", line 276, in get_schema
    paths, prefix = self.get_paths(endpoints, components, request, public)
  File "/home/damir/Lessons/RestFramework/MySiteRestAPI/venv/lib/python3.10/site-packages/drf_yasg/generators.py", line 482, in get_paths
    operation = self.get_operation(view, path, prefix, method, components, request)
  File "/home/damir/Lessons/RestFramework/MySiteRestAPI/venv/lib/python3.10/site-packages/drf_yasg/generators.py", line 524, in get_operation
    operation = view_inspector.get_operation(operation_keys)
  File "/home/damir/Lessons/RestFramework/MySiteRestAPI/venv/lib/python3.10/site-packages/drf_yasg/inspectors/view.py", line 33, in get_operation
    query = self.get_query_parameters()
  File "/home/damir/Lessons/RestFramework/MySiteRestAPI/venv/lib/python3.10/site-packages/drf_yasg/inspectors/view.py", line 293, in get_query_parameters
    natural_parameters = self.get_filter_parameters() + self.get_pagination_parameters()
  File "/home/damir/Lessons/RestFramework/MySiteRestAPI/venv/lib/python3.10/site-packages/drf_yasg/inspectors/base.py", line 409, in get_filter_parameters
    fields += self.probe_inspectors(self.filter_inspectors, 'get_filter_parameters', filter_backend()) or []
  File "/home/damir/Lessons/RestFramework/MySiteRestAPI/venv/lib/python3.10/site-packages/drf_yasg/inspectors/base.py", line 110, in probe_inspectors
    result = method(obj, **kwargs)
  File "/home/damir/Lessons/RestFramework/MySiteRestAPI/venv/lib/python3.10/site-packages/drf_yasg/inspectors/query.py", line 29, in get_filter_parameters
    fields = filter_backend.get_schema_fields(self.view)
  File "/home/damir/Lessons/RestFramework/MySiteRestAPI/venv/lib/python3.10/site-packages/rest_framework/filters.py", line 148, in get_schema_fields
    assert coreapi is not None, 'coreapi must be installed to use `get_schema_fields()`'
AssertionError: coreapi must be installed to use `get_schema_fields()`
/home/damir/Lessons/RestFramework/MySiteRestAPI/main/admin.py changed, reloading.
Watching for file changes with StatReloader
/home/damir/Lessons/RestFramework/MySiteRestAPI/main/admin.py changed, reloading.
Watching for file changes with StatReloader
Обработка представления "Index"
Internal Server Error: /profile/transaction
Traceback (most recent call last):
  File "/home/damir/Lessons/RestFramework/MySiteRestAPI/venv/lib/python3.10/site-packages/django/core/handlers/exception.py", line 55, in inner
    response = get_response(request)
  File "/home/damir/Lessons/RestFramework/MySiteRestAPI/venv/lib/python3.10/site-packages/django/core/handlers/base.py", line 197, in _get_response
    response = wrapped_callback(request, *callback_args, **callback_kwargs)
  File "/home/damir/Lessons/RestFramework/MySiteRestAPI/main/views.py", line 302, in TransactionView
    transaction.save()
  File "/home/damir/Lessons/RestFramework/MySiteRestAPI/main/models.py", line 165, in save
    recipient_profile = Profile.get_by_phone(self.recipient_phone)
TypeError: Profile.get_by_phone() missing 1 required positional argument: 'phone'
/home/damir/Lessons/RestFramework/MySiteRestAPI/main/models.py changed, reloading.
Watching for file changes with StatReloader
Internal Server Error: /profile/transaction
Traceback (most recent call last):
  File "/home/damir/Lessons/RestFramework/MySiteRestAPI/venv/lib/python3.10/site-packages/django/core/handlers/exception.py", line 55, in inner
    response = get_response(request)
  File "/home/damir/Lessons/RestFramework/MySiteRestAPI/venv/lib/python3.10/site-packages/django/core/handlers/base.py", line 197, in _get_response
    response = wrapped_callback(request, *callback_args, **callback_kwargs)
  File "/home/damir/Lessons/RestFramework/MySiteRestAPI/main/views.py", line 302, in TransactionView
    transaction.save()
  File "/home/damir/Lessons/RestFramework/MySiteRestAPI/main/models.py", line 165, in save
    recipient_profile = Profile.objects.get(self.recipient_phone)
  File "/home/damir/Lessons/RestFramework/MySiteRestAPI/venv/lib/python3.10/site-packages/django/db/models/manager.py", line 87, in manager_method
    return getattr(self.get_queryset(), name)(*args, **kwargs)
  File "/home/damir/Lessons/RestFramework/MySiteRestAPI/venv/lib/python3.10/site-packages/django/db/models/query.py", line 623, in get
    clone = self._chain() if self.query.combinator else self.filter(*args, **kwargs)
  File "/home/damir/Lessons/RestFramework/MySiteRestAPI/venv/lib/python3.10/site-packages/django/db/models/query.py", line 1436, in filter
    return self._filter_or_exclude(False, args, kwargs)
  File "/home/damir/Lessons/RestFramework/MySiteRestAPI/venv/lib/python3.10/site-packages/django/db/models/query.py", line 1454, in _filter_or_exclude
    clone._filter_or_exclude_inplace(negate, args, kwargs)
  File "/home/damir/Lessons/RestFramework/MySiteRestAPI/venv/lib/python3.10/site-packages/django/db/models/query.py", line 1461, in _filter_or_exclude_inplace
    self._query.add_q(Q(*args, **kwargs))
  File "/home/damir/Lessons/RestFramework/MySiteRestAPI/venv/lib/python3.10/site-packages/django/db/models/sql/query.py", line 1534, in add_q
    clause, _ = self._add_q(q_object, self.used_aliases)
  File "/home/damir/Lessons/RestFramework/MySiteRestAPI/venv/lib/python3.10/site-packages/django/db/models/sql/query.py", line 1565, in _add_q
    child_clause, needed_inner = self.build_filter(
  File "/home/damir/Lessons/RestFramework/MySiteRestAPI/venv/lib/python3.10/site-packages/django/db/models/sql/query.py", line 1412, in build_filter
    arg, value = filter_expr
ValueError: too many values to unpack (expected 2)
Watching for file changes with StatReloader
/home/damir/Lessons/RestFramework/MySiteRestAPI/main/models.py changed, reloading.
Watching for file changes with StatReloader
Обработка представления "Index"
Not Found: /profile/admin
Not Found: /favicon.ico
Internal Server Error: /profile/transaction
Traceback (most recent call last):
  File "/home/damir/Lessons/RestFramework/MySiteRestAPI/main/models.py", line 165, in save
    recipient_profile = Profile.objects.get(phone=self.recipient_phone)
  File "/home/damir/Lessons/RestFramework/MySiteRestAPI/venv/lib/python3.10/site-packages/django/db/models/manager.py", line 87, in manager_method
    return getattr(self.get_queryset(), name)(*args, **kwargs)
  File "/home/damir/Lessons/RestFramework/MySiteRestAPI/venv/lib/python3.10/site-packages/django/db/models/query.py", line 637, in get
    raise self.model.DoesNotExist(
main.models.Profile.DoesNotExist: Profile matching query does not exist.

During handling of the above exception, another exception occurred:

Traceback (most recent call last):
  File "/home/damir/Lessons/RestFramework/MySiteRestAPI/venv/lib/python3.10/site-packages/django/core/handlers/exception.py", line 55, in inner
    response = get_response(request)
  File "/home/damir/Lessons/RestFramework/MySiteRestAPI/venv/lib/python3.10/site-packages/django/core/handlers/base.py", line 197, in _get_response
    response = wrapped_callback(request, *callback_args, **callback_kwargs)
  File "/home/damir/Lessons/RestFramework/MySiteRestAPI/main/views.py", line 302, in TransactionView
    transaction.save()
  File "/home/damir/Lessons/RestFramework/MySiteRestAPI/main/models.py", line 167, in save
    raise Exception('Профиль получателя не найден')
Exception: Профиль получателя не найден
Watching for file changes with StatReloader
Internal Server Error: /profile/transaction
Traceback (most recent call last):
  File "/home/damir/Lessons/RestFramework/MySiteRestAPI/venv/lib/python3.10/site-packages/django/core/handlers/exception.py", line 55, in inner
    response = get_response(request)
  File "/home/damir/Lessons/RestFramework/MySiteRestAPI/venv/lib/python3.10/site-packages/django/utils/deprecation.py", line 136, in __call__
    response = self.process_response(request, response)
  File "/home/damir/Lessons/RestFramework/MySiteRestAPI/venv/lib/python3.10/site-packages/django/middleware/common.py", line 108, in process_response
    return self.response_redirect_class(self.get_full_path_with_slash(request))
  File "/home/damir/Lessons/RestFramework/MySiteRestAPI/venv/lib/python3.10/site-packages/django/middleware/common.py", line 87, in get_full_path_with_slash
    raise RuntimeError(
RuntimeError: You called this URL via POST, but the URL doesn't end in a slash and you have APPEND_SLASH set. Django can't redirect to the slash URL while maintaining POST data. Change your form to point to 127.0.0.1:8000/profile/transaction/ (note the trailing slash), or set APPEND_SLASH=False in your Django settings.
Обработка представления "UserProfileView"
Internal Server Error: /profile/transaction/
Traceback (most recent call last):
  File "/home/damir/Lessons/RestFramework/MySiteRestAPI/venv/lib/python3.10/site-packages/django/core/handlers/exception.py", line 55, in inner
    response = get_response(request)
  File "/home/damir/Lessons/RestFramework/MySiteRestAPI/venv/lib/python3.10/site-packages/django/core/handlers/base.py", line 197, in _get_response
    response = wrapped_callback(request, *callback_args, **callback_kwargs)
  File "/home/damir/Lessons/RestFramework/MySiteRestAPI/main/views.py", line 308, in TransactionView
    transaction = Transaction.objects.get(
  File "/home/damir/Lessons/RestFramework/MySiteRestAPI/venv/lib/python3.10/site-packages/django/db/models/manager.py", line 87, in manager_method
    return getattr(self.get_queryset(), name)(*args, **kwargs)
  File "/home/damir/Lessons/RestFramework/MySiteRestAPI/venv/lib/python3.10/site-packages/django/db/models/query.py", line 640, in get
    raise self.model.MultipleObjectsReturned(
main.models.Transaction.MultipleObjectsReturned: get() returned more than one Transaction -- it returned 2!
/home/damir/Lessons/RestFramework/MySiteRestAPI/main/views.py changed, reloading.
Watching for file changes with StatReloader
Internal Server Error: /profile/transaction/
Traceback (most recent call last):
  File "/home/damir/Lessons/RestFramework/MySiteRestAPI/venv/lib/python3.10/site-packages/django/core/handlers/exception.py", line 55, in inner
    response = get_response(request)
  File "/home/damir/Lessons/RestFramework/MySiteRestAPI/venv/lib/python3.10/site-packages/django/core/handlers/base.py", line 197, in _get_response
    response = wrapped_callback(request, *callback_args, **callback_kwargs)
  File "/home/damir/Lessons/RestFramework/MySiteRestAPI/main/views.py", line 310, in TransactionView
    'transaction': Transaction.objects.get(
  File "/home/damir/Lessons/RestFramework/MySiteRestAPI/venv/lib/python3.10/site-packages/django/db/models/manager.py", line 87, in manager_method
    return getattr(self.get_queryset(), name)(*args, **kwargs)
  File "/home/damir/Lessons/RestFramework/MySiteRestAPI/venv/lib/python3.10/site-packages/django/db/models/query.py", line 640, in get
    raise self.model.MultipleObjectsReturned(
main.models.Transaction.MultipleObjectsReturned: get() returned more than one Transaction -- it returned 2!
Internal Server Error: /admin/main/transaction/
Traceback (most recent call last):
  File "/home/damir/Lessons/RestFramework/MySiteRestAPI/venv/lib/python3.10/site-packages/django/core/handlers/exception.py", line 55, in inner
    response = get_response(request)
  File "/home/damir/Lessons/RestFramework/MySiteRestAPI/venv/lib/python3.10/site-packages/django/core/handlers/base.py", line 197, in _get_response
    response = wrapped_callback(request, *callback_args, **callback_kwargs)
  File "/home/damir/Lessons/RestFramework/MySiteRestAPI/venv/lib/python3.10/site-packages/django/contrib/admin/options.py", line 688, in wrapper
    return self.admin_site.admin_view(view)(*args, **kwargs)
  File "/home/damir/Lessons/RestFramework/MySiteRestAPI/venv/lib/python3.10/site-packages/django/utils/decorators.py", line 134, in _wrapper_view
    response = view_func(request, *args, **kwargs)
  File "/home/damir/Lessons/RestFramework/MySiteRestAPI/venv/lib/python3.10/site-packages/django/views/decorators/cache.py", line 62, in _wrapper_view_func
    response = view_func(request, *args, **kwargs)
  File "/home/damir/Lessons/RestFramework/MySiteRestAPI/venv/lib/python3.10/site-packages/django/contrib/admin/sites.py", line 242, in inner
    return view(request, *args, **kwargs)
  File "/home/damir/Lessons/RestFramework/MySiteRestAPI/venv/lib/python3.10/site-packages/django/utils/decorators.py", line 46, in _wrapper
    return bound_method(*args, **kwargs)
  File "/home/damir/Lessons/RestFramework/MySiteRestAPI/venv/lib/python3.10/site-packages/django/utils/decorators.py", line 134, in _wrapper_view
    response = view_func(request, *args, **kwargs)
  File "/home/damir/Lessons/RestFramework/MySiteRestAPI/venv/lib/python3.10/site-packages/django/contrib/admin/options.py", line 1959, in changelist_view
    response = self.response_action(
  File "/home/damir/Lessons/RestFramework/MySiteRestAPI/venv/lib/python3.10/site-packages/django/contrib/admin/options.py", line 1593, in response_action
    response = func(self, request, queryset)
  File "/home/damir/Lessons/RestFramework/MySiteRestAPI/venv/lib/python3.10/site-packages/django/contrib/admin/actions.py", line 39, in delete_selected
    ) = modeladmin.get_deleted_objects(queryset, request)
  File "/home/damir/Lessons/RestFramework/MySiteRestAPI/venv/lib/python3.10/site-packages/django/contrib/admin/options.py", line 2101, in get_deleted_objects
    return get_deleted_objects(objs, request, self.admin_site)
  File "/home/damir/Lessons/RestFramework/MySiteRestAPI/venv/lib/python3.10/site-packages/django/contrib/admin/utils.py", line 154, in get_deleted_objects
    to_delete = collector.nested(format_callback)
  File "/home/damir/Lessons/RestFramework/MySiteRestAPI/venv/lib/python3.10/site-packages/django/contrib/admin/utils.py", line 221, in nested
    roots.extend(self._nested(root, seen, format_callback))
  File "/home/damir/Lessons/RestFramework/MySiteRestAPI/venv/lib/python3.10/site-packages/django/contrib/admin/utils.py", line 207, in _nested
    ret = [format_callback(obj)]
  File "/home/damir/Lessons/RestFramework/MySiteRestAPI/venv/lib/python3.10/site-packages/django/contrib/admin/utils.py", line 129, in format_callback
    no_edit_link = "%s: %s" % (capfirst(opts.verbose_name), obj)
  File "/home/damir/Lessons/RestFramework/MySiteRestAPI/main/models.py", line 179, in __str__
    return f"{self.sender_phone_id} -> {self.recipient_phone_id}"
AttributeError: 'Transaction' object has no attribute 'sender_phone_id'
Internal Server Error: /admin/main/transaction/
Traceback (most recent call last):
  File "/home/damir/Lessons/RestFramework/MySiteRestAPI/venv/lib/python3.10/site-packages/django/core/handlers/exception.py", line 55, in inner
    response = get_response(request)
  File "/home/damir/Lessons/RestFramework/MySiteRestAPI/venv/lib/python3.10/site-packages/django/core/handlers/base.py", line 197, in _get_response
    response = wrapped_callback(request, *callback_args, **callback_kwargs)
  File "/home/damir/Lessons/RestFramework/MySiteRestAPI/venv/lib/python3.10/site-packages/django/contrib/admin/options.py", line 688, in wrapper
    return self.admin_site.admin_view(view)(*args, **kwargs)
  File "/home/damir/Lessons/RestFramework/MySiteRestAPI/venv/lib/python3.10/site-packages/django/utils/decorators.py", line 134, in _wrapper_view
    response = view_func(request, *args, **kwargs)
  File "/home/damir/Lessons/RestFramework/MySiteRestAPI/venv/lib/python3.10/site-packages/django/views/decorators/cache.py", line 62, in _wrapper_view_func
    response = view_func(request, *args, **kwargs)
  File "/home/damir/Lessons/RestFramework/MySiteRestAPI/venv/lib/python3.10/site-packages/django/contrib/admin/sites.py", line 242, in inner
    return view(request, *args, **kwargs)
  File "/home/damir/Lessons/RestFramework/MySiteRestAPI/venv/lib/python3.10/site-packages/django/utils/decorators.py", line 46, in _wrapper
    return bound_method(*args, **kwargs)
  File "/home/damir/Lessons/RestFramework/MySiteRestAPI/venv/lib/python3.10/site-packages/django/utils/decorators.py", line 134, in _wrapper_view
    response = view_func(request, *args, **kwargs)
  File "/home/damir/Lessons/RestFramework/MySiteRestAPI/venv/lib/python3.10/site-packages/django/contrib/admin/options.py", line 1959, in changelist_view
    response = self.response_action(
  File "/home/damir/Lessons/RestFramework/MySiteRestAPI/venv/lib/python3.10/site-packages/django/contrib/admin/options.py", line 1593, in response_action
    response = func(self, request, queryset)
  File "/home/damir/Lessons/RestFramework/MySiteRestAPI/venv/lib/python3.10/site-packages/django/contrib/admin/actions.py", line 39, in delete_selected
    ) = modeladmin.get_deleted_objects(queryset, request)
  File "/home/damir/Lessons/RestFramework/MySiteRestAPI/venv/lib/python3.10/site-packages/django/contrib/admin/options.py", line 2101, in get_deleted_objects
    return get_deleted_objects(objs, request, self.admin_site)
  File "/home/damir/Lessons/RestFramework/MySiteRestAPI/venv/lib/python3.10/site-packages/django/contrib/admin/utils.py", line 154, in get_deleted_objects
    to_delete = collector.nested(format_callback)
  File "/home/damir/Lessons/RestFramework/MySiteRestAPI/venv/lib/python3.10/site-packages/django/contrib/admin/utils.py", line 221, in nested
    roots.extend(self._nested(root, seen, format_callback))
  File "/home/damir/Lessons/RestFramework/MySiteRestAPI/venv/lib/python3.10/site-packages/django/contrib/admin/utils.py", line 207, in _nested
    ret = [format_callback(obj)]
  File "/home/damir/Lessons/RestFramework/MySiteRestAPI/venv/lib/python3.10/site-packages/django/contrib/admin/utils.py", line 129, in format_callback
    no_edit_link = "%s: %s" % (capfirst(opts.verbose_name), obj)
  File "/home/damir/Lessons/RestFramework/MySiteRestAPI/main/models.py", line 179, in __str__
    return f"{self.sender_phone_id} -> {self.recipient_phone_id}"
AttributeError: 'Transaction' object has no attribute 'sender_phone_id'
/home/damir/Lessons/RestFramework/MySiteRestAPI/main/views.py changed, reloading.
Watching for file changes with StatReloader
Internal Server Error: /profile/transaction/
Traceback (most recent call last):
  File "/home/damir/Lessons/RestFramework/MySiteRestAPI/venv/lib/python3.10/site-packages/django/core/handlers/exception.py", line 55, in inner
    response = get_response(request)
  File "/home/damir/Lessons/RestFramework/MySiteRestAPI/venv/lib/python3.10/site-packages/django/core/handlers/base.py", line 197, in _get_response
    response = wrapped_callback(request, *callback_args, **callback_kwargs)
  File "/home/damir/Lessons/RestFramework/MySiteRestAPI/main/views.py", line 308, in TransactionView
    transaction = Transaction.objects.get(
  File "/home/damir/Lessons/RestFramework/MySiteRestAPI/venv/lib/python3.10/site-packages/django/db/models/manager.py", line 87, in manager_method
    return getattr(self.get_queryset(), name)(*args, **kwargs)
  File "/home/damir/Lessons/RestFramework/MySiteRestAPI/venv/lib/python3.10/site-packages/django/db/models/query.py", line 640, in get
    raise self.model.MultipleObjectsReturned(
main.models.Transaction.MultipleObjectsReturned: get() returned more than one Transaction -- it returned 2!
/home/damir/Lessons/RestFramework/MySiteRestAPI/main/views.py changed, reloading.
Watching for file changes with StatReloader
Internal Server Error: /profile/transaction/
Traceback (most recent call last):
  File "/home/damir/Lessons/RestFramework/MySiteRestAPI/venv/lib/python3.10/site-packages/django/core/handlers/exception.py", line 55, in inner
    response = get_response(request)
  File "/home/damir/Lessons/RestFramework/MySiteRestAPI/venv/lib/python3.10/site-packages/django/core/handlers/base.py", line 197, in _get_response
    response = wrapped_callback(request, *callback_args, **callback_kwargs)
  File "/home/damir/Lessons/RestFramework/MySiteRestAPI/main/views.py", line 308, in TransactionView
    transactions = Transaction.objects.get(
  File "/home/damir/Lessons/RestFramework/MySiteRestAPI/venv/lib/python3.10/site-packages/django/db/models/manager.py", line 87, in manager_method
    return getattr(self.get_queryset(), name)(*args, **kwargs)
  File "/home/damir/Lessons/RestFramework/MySiteRestAPI/venv/lib/python3.10/site-packages/django/db/models/query.py", line 640, in get
    raise self.model.MultipleObjectsReturned(
main.models.Transaction.MultipleObjectsReturned: get() returned more than one Transaction -- it returned 2!
/home/damir/Lessons/RestFramework/MySiteRestAPI/main/views.py changed, reloading.
Watching for file changes with StatReloader
